-----TI-REX started at Fri Jul 24 2020 05:02:11 GMT+0200 (Egypt Standard Time)
Fri, 24 Jul 2020 03:02:12 GMT connect deprecated methodOverride: use method-override npm module instead at app.js:647:21
v4",
        "mac": "02:00:4c:4f:4f:50",
        "internal": false
    }
]
2020-07-24T03:02:11.600Z INFO DAEMON dinfra - [
    "multiple candidate address ignored",
    "vEthernet (Default Switch)",
    {
        "address": "169.254.9.126",
        "netmask": "255.255.0.0",
        "family": "IPv4",
        "mac": "02:00:4c:4f:4f:50",
        "internal": false
    }
]
-----TI-REX started at Fri Jul 24 2020 05:02:11 GMT+0200 (Egypt Standard Time)
TIREX server listening on port 55432
